script/20241217-migrate-assets/postcheck/PostCheck_Gateway_DepositAndWithdraw_AfterRestrict.sol:PostCheck_Gateway_DepositAndWithdraw_AfterRestrict:stdstore (storage_slot: 0) (offset: 0) (type: struct StdStorage) (numberOfBytes: 256)
script/20241217-migrate-assets/postcheck/PostCheck_Gateway_DepositAndWithdraw_AfterRestrict.sol:PostCheck_Gateway_DepositAndWithdraw_AfterRestrict:stdChainsInitialized (storage_slot: 8) (offset: 0) (type: bool) (numberOfBytes: 1)
script/20241217-migrate-assets/postcheck/PostCheck_Gateway_DepositAndWithdraw_AfterRestrict.sol:PostCheck_Gateway_DepositAndWithdraw_AfterRestrict:chains (storage_slot: 9) (offset: 0) (type: mapping(string => struct StdChains.Chain)) (numberOfBytes: 32)
script/20241217-migrate-assets/postcheck/PostCheck_Gateway_DepositAndWithdraw_AfterRestrict.sol:PostCheck_Gateway_DepositAndWithdraw_AfterRestrict:defaultRpcUrls (storage_slot: 10) (offset: 0) (type: mapping(string => string)) (numberOfBytes: 32)
script/20241217-migrate-assets/postcheck/PostCheck_Gateway_DepositAndWithdraw_AfterRestrict.sol:PostCheck_Gateway_DepositAndWithdraw_AfterRestrict:idToAlias (storage_slot: 11) (offset: 0) (type: mapping(uint256 => string)) (numberOfBytes: 32)
script/20241217-migrate-assets/postcheck/PostCheck_Gateway_DepositAndWithdraw_AfterRestrict.sol:PostCheck_Gateway_DepositAndWithdraw_AfterRestrict:fallbackToDefaultRpcUrls (storage_slot: 12) (offset: 0) (type: bool) (numberOfBytes: 1)
script/20241217-migrate-assets/postcheck/PostCheck_Gateway_DepositAndWithdraw_AfterRestrict.sol:PostCheck_Gateway_DepositAndWithdraw_AfterRestrict:gasMeteringOff (storage_slot: 12) (offset: 1) (type: bool) (numberOfBytes: 1)
script/20241217-migrate-assets/postcheck/PostCheck_Gateway_DepositAndWithdraw_AfterRestrict.sol:PostCheck_Gateway_DepositAndWithdraw_AfterRestrict:IS_SCRIPT (storage_slot: 12) (offset: 2) (type: bool) (numberOfBytes: 1)
script/20241217-migrate-assets/postcheck/PostCheck_Gateway_DepositAndWithdraw_AfterRestrict.sol:PostCheck_Gateway_DepositAndWithdraw_AfterRestrict:_failed (storage_slot: 12) (offset: 3) (type: bool) (numberOfBytes: 1)
script/20241217-migrate-assets/postcheck/PostCheck_Gateway_DepositAndWithdraw_AfterRestrict.sol:PostCheck_Gateway_DepositAndWithdraw_AfterRestrict:_originForkBlockNumber (storage_slot: 13) (offset: 0) (type: uint256) (numberOfBytes: 32)
script/20241217-migrate-assets/postcheck/PostCheck_Gateway_DepositAndWithdraw_AfterRestrict.sol:PostCheck_Gateway_DepositAndWithdraw_AfterRestrict:_overriddenArgs (storage_slot: 14) (offset: 0) (type: bytes) (numberOfBytes: 32)
script/20241217-migrate-assets/postcheck/PostCheck_Gateway_DepositAndWithdraw_AfterRestrict.sol:PostCheck_Gateway_DepositAndWithdraw_AfterRestrict:_deployScript (storage_slot: 15) (offset: 0) (type: mapping(TContract => contract IMigrationScript)) (numberOfBytes: 32)
script/20241217-migrate-assets/postcheck/PostCheck_Gateway_DepositAndWithdraw_AfterRestrict.sol:PostCheck_Gateway_DepositAndWithdraw_AfterRestrict:seed (storage_slot: 16) (offset: 0) (type: uint256) (numberOfBytes: 32)
script/20241217-migrate-assets/postcheck/PostCheck_Gateway_DepositAndWithdraw_AfterRestrict.sol:PostCheck_Gateway_DepositAndWithdraw_AfterRestrict:brSl (storage_slot: 17) (offset: 0) (type: address payable) (numberOfBytes: 20)
script/20241217-migrate-assets/postcheck/PostCheck_Gateway_DepositAndWithdraw_AfterRestrict.sol:PostCheck_Gateway_DepositAndWithdraw_AfterRestrict:brRw (storage_slot: 18) (offset: 0) (type: address payable) (numberOfBytes: 20)
script/20241217-migrate-assets/postcheck/PostCheck_Gateway_DepositAndWithdraw_AfterRestrict.sol:PostCheck_Gateway_DepositAndWithdraw_AfterRestrict:brTk (storage_slot: 19) (offset: 0) (type: address payable) (numberOfBytes: 20)
script/20241217-migrate-assets/postcheck/PostCheck_Gateway_DepositAndWithdraw_AfterRestrict.sol:PostCheck_Gateway_DepositAndWithdraw_AfterRestrict:ronBM (storage_slot: 20) (offset: 0) (type: address payable) (numberOfBytes: 20)
script/20241217-migrate-assets/postcheck/PostCheck_Gateway_DepositAndWithdraw_AfterRestrict.sol:PostCheck_Gateway_DepositAndWithdraw_AfterRestrict:ronGW (storage_slot: 21) (offset: 0) (type: address payable) (numberOfBytes: 20)
script/20241217-migrate-assets/postcheck/PostCheck_Gateway_DepositAndWithdraw_AfterRestrict.sol:PostCheck_Gateway_DepositAndWithdraw_AfterRestrict:ethGW (storage_slot: 22) (offset: 0) (type: address payable) (numberOfBytes: 20)
script/20241217-migrate-assets/postcheck/PostCheck_Gateway_DepositAndWithdraw_AfterRestrict.sol:PostCheck_Gateway_DepositAndWithdraw_AfterRestrict:ethBM (storage_slot: 23) (offset: 0) (type: address payable) (numberOfBytes: 20)
script/20241217-migrate-assets/postcheck/PostCheck_Gateway_DepositAndWithdraw_AfterRestrict.sol:PostCheck_Gateway_DepositAndWithdraw_AfterRestrict:cheatGv (storage_slot: 24) (offset: 0) (type: address) (numberOfBytes: 20)
script/20241217-migrate-assets/postcheck/PostCheck_Gateway_DepositAndWithdraw_AfterRestrict.sol:PostCheck_Gateway_DepositAndWithdraw_AfterRestrict:cheatOp (storage_slot: 25) (offset: 0) (type: address) (numberOfBytes: 20)
script/20241217-migrate-assets/postcheck/PostCheck_Gateway_DepositAndWithdraw_AfterRestrict.sol:PostCheck_Gateway_DepositAndWithdraw_AfterRestrict:mockGvs (storage_slot: 26) (offset: 0) (type: address[]) (numberOfBytes: 32)
script/20241217-migrate-assets/postcheck/PostCheck_Gateway_DepositAndWithdraw_AfterRestrict.sol:PostCheck_Gateway_DepositAndWithdraw_AfterRestrict:mockOps (storage_slot: 27) (offset: 0) (type: address[]) (numberOfBytes: 32)
script/20241217-migrate-assets/postcheck/PostCheck_Gateway_DepositAndWithdraw_AfterRestrict.sol:PostCheck_Gateway_DepositAndWithdraw_AfterRestrict:gwDomainHash (storage_slot: 28) (offset: 0) (type: bytes32) (numberOfBytes: 32)
script/20241217-migrate-assets/postcheck/PostCheck_Gateway_DepositAndWithdraw_AfterRestrict.sol:PostCheck_Gateway_DepositAndWithdraw_AfterRestrict:user (storage_slot: 29) (offset: 0) (type: address) (numberOfBytes: 20)
script/20241217-migrate-assets/postcheck/PostCheck_Gateway_DepositAndWithdraw_AfterRestrict.sol:PostCheck_Gateway_DepositAndWithdraw_AfterRestrict:quantity (storage_slot: 30) (offset: 0) (type: uint256) (numberOfBytes: 32)
script/20241217-migrate-assets/postcheck/PostCheck_Gateway_DepositAndWithdraw_AfterRestrict.sol:PostCheck_Gateway_DepositAndWithdraw_AfterRestrict:depositReq (storage_slot: 31) (offset: 0) (type: struct Transfer.Request) (numberOfBytes: 160)
script/20241217-migrate-assets/postcheck/PostCheck_Gateway_DepositAndWithdraw_AfterRestrict.sol:PostCheck_Gateway_DepositAndWithdraw_AfterRestrict:withdrawReq (storage_slot: 36) (offset: 0) (type: struct Transfer.Request) (numberOfBytes: 160)
script/20241217-migrate-assets/postcheck/PostCheck_Gateway_DepositAndWithdraw_AfterRestrict.sol:PostCheck_Gateway_DepositAndWithdraw_AfterRestrict:ronERC20 (storage_slot: 41) (offset: 0) (type: contract MockERC20) (numberOfBytes: 20)
script/20241217-migrate-assets/postcheck/PostCheck_Gateway_DepositAndWithdraw_AfterRestrict.sol:PostCheck_Gateway_DepositAndWithdraw_AfterRestrict:ronERC721 (storage_slot: 42) (offset: 0) (type: contract MockERC721) (numberOfBytes: 20)
script/20241217-migrate-assets/postcheck/PostCheck_Gateway_DepositAndWithdraw_AfterRestrict.sol:PostCheck_Gateway_DepositAndWithdraw_AfterRestrict:ethERC20 (storage_slot: 43) (offset: 0) (type: contract MockERC20) (numberOfBytes: 20)
script/20241217-migrate-assets/postcheck/PostCheck_Gateway_DepositAndWithdraw_AfterRestrict.sol:PostCheck_Gateway_DepositAndWithdraw_AfterRestrict:ethERC721 (storage_slot: 44) (offset: 0) (type: contract MockERC721) (numberOfBytes: 20)
script/20241217-migrate-assets/postcheck/PostCheck_Gateway_DepositAndWithdraw_AfterRestrict.sol:PostCheck_Gateway_DepositAndWithdraw_AfterRestrict:ronTokens (storage_slot: 45) (offset: 0) (type: address[]) (numberOfBytes: 32)
script/20241217-migrate-assets/postcheck/PostCheck_Gateway_DepositAndWithdraw_AfterRestrict.sol:PostCheck_Gateway_DepositAndWithdraw_AfterRestrict:ethTokens (storage_slot: 46) (offset: 0) (type: address[]) (numberOfBytes: 32)
script/20241217-migrate-assets/postcheck/PostCheck_Gateway_DepositAndWithdraw_AfterRestrict.sol:PostCheck_Gateway_DepositAndWithdraw_AfterRestrict:standards (storage_slot: 47) (offset: 0) (type: enum TokenStandard[]) (numberOfBytes: 32)
script/20241217-migrate-assets/postcheck/PostCheck_Gateway_DepositAndWithdraw_AfterRestrict.sol:PostCheck_Gateway_DepositAndWithdraw_AfterRestrict:ronChainId (storage_slot: 48) (offset: 0) (type: uint256) (numberOfBytes: 32)
script/20241217-migrate-assets/postcheck/PostCheck_Gateway_DepositAndWithdraw_AfterRestrict.sol:PostCheck_Gateway_DepositAndWithdraw_AfterRestrict:ethChainId (storage_slot: 49) (offset: 0) (type: uint256) (numberOfBytes: 32)
script/20241217-migrate-assets/postcheck/PostCheck_Gateway_DepositAndWithdraw_AfterRestrict.sol:PostCheck_Gateway_DepositAndWithdraw_AfterRestrict:ethWETH (storage_slot: 50) (offset: 0) (type: contract IWETH) (numberOfBytes: 20)
script/20241217-migrate-assets/postcheck/PostCheck_Gateway_DepositAndWithdraw_AfterRestrict.sol:PostCheck_Gateway_DepositAndWithdraw_AfterRestrict:ronWETH (storage_slot: 51) (offset: 0) (type: contract MockERC20) (numberOfBytes: 20)
script/20241217-migrate-assets/postcheck/PostCheck_Gateway_DepositAndWithdraw_AfterRestrict.sol:PostCheck_Gateway_DepositAndWithdraw_AfterRestrict:currNetwork (storage_slot: 52) (offset: 0) (type: TNetwork) (numberOfBytes: 32)
script/20241217-migrate-assets/postcheck/PostCheck_Gateway_DepositAndWithdraw_AfterRestrict.sol:PostCheck_Gateway_DepositAndWithdraw_AfterRestrict:companionNetwork (storage_slot: 53) (offset: 0) (type: TNetwork) (numberOfBytes: 32)