script/PostChecker.sol:PostChecker:stdstore (storage_slot: 0) (offset: 0) (type: struct StdStorage) (numberOfBytes: 256)
script/PostChecker.sol:PostChecker:stdChainsInitialized (storage_slot: 8) (offset: 0) (type: bool) (numberOfBytes: 1)
script/PostChecker.sol:PostChecker:chains (storage_slot: 9) (offset: 0) (type: mapping(string => struct StdChains.Chain)) (numberOfBytes: 32)
script/PostChecker.sol:PostChecker:defaultRpcUrls (storage_slot: 10) (offset: 0) (type: mapping(string => string)) (numberOfBytes: 32)
script/PostChecker.sol:PostChecker:idToAlias (storage_slot: 11) (offset: 0) (type: mapping(uint256 => string)) (numberOfBytes: 32)
script/PostChecker.sol:PostChecker:fallbackToDefaultRpcUrls (storage_slot: 12) (offset: 0) (type: bool) (numberOfBytes: 1)
script/PostChecker.sol:PostChecker:gasMeteringOff (storage_slot: 12) (offset: 1) (type: bool) (numberOfBytes: 1)
script/PostChecker.sol:PostChecker:IS_SCRIPT (storage_slot: 12) (offset: 2) (type: bool) (numberOfBytes: 1)
script/PostChecker.sol:PostChecker:_failed (storage_slot: 12) (offset: 3) (type: bool) (numberOfBytes: 1)
script/PostChecker.sol:PostChecker:_originForkBlockNumber (storage_slot: 13) (offset: 0) (type: uint256) (numberOfBytes: 32)
script/PostChecker.sol:PostChecker:_overriddenArgs (storage_slot: 14) (offset: 0) (type: bytes) (numberOfBytes: 32)
script/PostChecker.sol:PostChecker:_deployScript (storage_slot: 15) (offset: 0) (type: mapping(TContract => contract IMigrationScript)) (numberOfBytes: 32)
script/PostChecker.sol:PostChecker:seed (storage_slot: 16) (offset: 0) (type: uint256) (numberOfBytes: 32)
script/PostChecker.sol:PostChecker:brSl (storage_slot: 17) (offset: 0) (type: address payable) (numberOfBytes: 20)
script/PostChecker.sol:PostChecker:brRw (storage_slot: 18) (offset: 0) (type: address payable) (numberOfBytes: 20)
script/PostChecker.sol:PostChecker:brTk (storage_slot: 19) (offset: 0) (type: address payable) (numberOfBytes: 20)
script/PostChecker.sol:PostChecker:ronBM (storage_slot: 20) (offset: 0) (type: address payable) (numberOfBytes: 20)
script/PostChecker.sol:PostChecker:ronGW (storage_slot: 21) (offset: 0) (type: address payable) (numberOfBytes: 20)
script/PostChecker.sol:PostChecker:ethGW (storage_slot: 22) (offset: 0) (type: address payable) (numberOfBytes: 20)
script/PostChecker.sol:PostChecker:ethBM (storage_slot: 23) (offset: 0) (type: address payable) (numberOfBytes: 20)
script/PostChecker.sol:PostChecker:cheatGv (storage_slot: 24) (offset: 0) (type: address) (numberOfBytes: 20)
script/PostChecker.sol:PostChecker:cheatOp (storage_slot: 25) (offset: 0) (type: address) (numberOfBytes: 20)
script/PostChecker.sol:PostChecker:cheatGvPK (storage_slot: 26) (offset: 0) (type: uint256) (numberOfBytes: 32)
script/PostChecker.sol:PostChecker:cheatOpPK (storage_slot: 27) (offset: 0) (type: uint256) (numberOfBytes: 32)
script/PostChecker.sol:PostChecker:mockGvs (storage_slot: 28) (offset: 0) (type: address[]) (numberOfBytes: 32)
script/PostChecker.sol:PostChecker:mockOps (storage_slot: 29) (offset: 0) (type: address[]) (numberOfBytes: 32)
script/PostChecker.sol:PostChecker:mockGvPKs (storage_slot: 30) (offset: 0) (type: uint256[]) (numberOfBytes: 32)
script/PostChecker.sol:PostChecker:mockOpPKs (storage_slot: 31) (offset: 0) (type: uint256[]) (numberOfBytes: 32)
script/PostChecker.sol:PostChecker:gwDomainHash (storage_slot: 32) (offset: 0) (type: bytes32) (numberOfBytes: 32)
script/PostChecker.sol:PostChecker:proposalDuration (storage_slot: 33) (offset: 0) (type: uint256) (numberOfBytes: 32)
script/PostChecker.sol:PostChecker:vws (storage_slot: 34) (offset: 0) (type: uint96[]) (numberOfBytes: 32)
script/PostChecker.sol:PostChecker:gvs (storage_slot: 35) (offset: 0) (type: address[]) (numberOfBytes: 32)
script/PostChecker.sol:PostChecker:ops (storage_slot: 36) (offset: 0) (type: address[]) (numberOfBytes: 32)
script/PostChecker.sol:PostChecker:vw (storage_slot: 37) (offset: 0) (type: uint256) (numberOfBytes: 32)
script/PostChecker.sol:PostChecker:seedStr (storage_slot: 38) (offset: 0) (type: string) (numberOfBytes: 32)
script/PostChecker.sol:PostChecker:any (storage_slot: 39) (offset: 0) (type: address) (numberOfBytes: 20)
script/PostChecker.sol:PostChecker:op (storage_slot: 40) (offset: 0) (type: address) (numberOfBytes: 20)
script/PostChecker.sol:PostChecker:gv (storage_slot: 41) (offset: 0) (type: address) (numberOfBytes: 20)
script/PostChecker.sol:PostChecker:seedStr (storage_slot: 42) (offset: 0) (type: string) (numberOfBytes: 32)
script/PostChecker.sol:PostChecker:op2Remove (storage_slot: 43) (offset: 0) (type: address) (numberOfBytes: 20)
script/PostChecker.sol:PostChecker:vw2Remove (storage_slot: 44) (offset: 0) (type: uint256) (numberOfBytes: 32)
script/PostChecker.sol:PostChecker:any (storage_slot: 45) (offset: 0) (type: address) (numberOfBytes: 20)
script/PostChecker.sol:PostChecker:user (storage_slot: 46) (offset: 0) (type: address) (numberOfBytes: 20)
script/PostChecker.sol:PostChecker:quantity (storage_slot: 47) (offset: 0) (type: uint256) (numberOfBytes: 32)
script/PostChecker.sol:PostChecker:depositReq (storage_slot: 48) (offset: 0) (type: struct Transfer.Request) (numberOfBytes: 160)
script/PostChecker.sol:PostChecker:withdrawReq (storage_slot: 53) (offset: 0) (type: struct Transfer.Request) (numberOfBytes: 160)
script/PostChecker.sol:PostChecker:ronERC20 (storage_slot: 58) (offset: 0) (type: contract MockERC20) (numberOfBytes: 20)
script/PostChecker.sol:PostChecker:ethERC20 (storage_slot: 59) (offset: 0) (type: contract MockERC20) (numberOfBytes: 20)
script/PostChecker.sol:PostChecker:ronTokens (storage_slot: 60) (offset: 0) (type: address[]) (numberOfBytes: 32)
script/PostChecker.sol:PostChecker:ethTokens (storage_slot: 61) (offset: 0) (type: address[]) (numberOfBytes: 32)
script/PostChecker.sol:PostChecker:standards (storage_slot: 62) (offset: 0) (type: enum TokenStandard[]) (numberOfBytes: 32)
script/PostChecker.sol:PostChecker:ronChainId (storage_slot: 63) (offset: 0) (type: uint256) (numberOfBytes: 32)
script/PostChecker.sol:PostChecker:ethChainId (storage_slot: 64) (offset: 0) (type: uint256) (numberOfBytes: 32)
script/PostChecker.sol:PostChecker:ethWETH (storage_slot: 65) (offset: 0) (type: contract IWETH) (numberOfBytes: 20)
script/PostChecker.sol:PostChecker:currNetwork (storage_slot: 66) (offset: 0) (type: TNetwork) (numberOfBytes: 32)
script/PostChecker.sol:PostChecker:companionNetwork (storage_slot: 67) (offset: 0) (type: TNetwork) (numberOfBytes: 32)