13 |     address bridgeRewardLogic = _deployLogic(Contract.BridgeReward.key());
   |     ^^^^^^^^^^^^^^^^^^^^^^^^^

Warning (2072): Unused local variable.
  --> script/20240716-upgrade-v3.2.0-mainnet/20240716-p1-3-deploy-all-contract-roninchain.sol:14:5:
   |
14 |     address bridgeSlashLogic = _deployLogic(Contract.BridgeSlash.key());
   |     ^^^^^^^^^^^^^^^^^^^^^^^^

Warning (2072): Unused local variable.
  --> script/20240716-upgrade-v3.2.0-mainnet/20240716-p1-3-deploy-all-contract-roninchain.sol:15:5:
   |
15 |     address bridgeTrackingLogic = _deployLogic(Contract.BridgeTracking.key());
   |     ^^^^^^^^^^^^^^^^^^^^^^^^^^^

Warning (2072): Unused local variable.
  --> script/20240716-upgrade-v3.2.0-mainnet/20240716-p1-3-deploy-all-contract-roninchain.sol:16:5:
   |
16 |     address pauseEnforcerLogic = _deployLogic(Contract.RoninPauseEnforcer.key());
   |     ^^^^^^^^^^^^^^^^^^^^^^^^^^

Warning (2072): Unused local variable.
  --> script/20240716-upgrade-v3.2.0-mainnet/20240716-p1-3-deploy-all-contract-roninchain.sol:17:5:
   |
17 |     address roninGatewayV3Logic = _deployLogic(Contract.RoninGatewayV3.key());
   |     ^^^^^^^^^^^^^^^^^^^^^^^^^^^

Warning (5667): Unused function parameter. Remove or comment out the variable name to silence this warning.
  --> script/20240716-upgrade-v3.2.0-mainnet/20240716-p1-4-deploy-all-contract-roninchain.sol:20:34:
   |
20 |   function run() public returns (WBTC instance) {
   |                                  ^^^^^^^^^^^^^

Warning (2072): Unused local variable.
  --> script/20240716-upgrade-v3.2.0-mainnet/20240716-p1-4-deploy-all-contract-roninchain.sol:82:5:
   |
82 |     address wethUnwrapper = new MainchainWethUnwrapperDeploy().overrideArgs(abi.encode(weth)).run();
   |     ^^^^^^^^^^^^^^^^^^^^^

Warning (2072): Unused local variable.
  --> script/20240716-upgrade-v3.2.0-mainnet/20240716-p1-4-deploy-all-contract-roninchain.sol:86:5:
   |
86 |     address mainchainGatewayV3Logic = _deployLogic(Contract.MainchainGatewayV3.key());
   |     ^^^^^^^^^^^^^^^^^^^^^^^^^^^^^^^

Warning (2018): Function state mutability can be restricted to pure
  --> lib/prb-math/test/utils/Utils.sol:17:5:
   |
17 |     function bound(SD1x18 x, SD1x18 min, SD1x18 max) internal view returns (SD1x18 result) {
   |     ^ (Relevant source part starts here and spans across multiple lines).

Warning (2018): Function state mutability can be restricted to pure
  --> lib/prb-math/test/utils/Utils.sol:27:5:
   |
27 |     function bound(SD1x18 x, int64 min, SD1x18 max) internal view returns (SD1x18 result) {
   |     ^ (Relevant source part starts here and spans across multiple lines).

Warning (2018): Function state mutability can be restricted to pure
  --> lib/prb-math/test/utils/Utils.sol:37:5:
   |
37 |     function bound(SD1x18 x, SD1x18 min, int64 max) internal view returns (SD1x18 result) {
   |     ^ (Relevant source part starts here and spans across multiple lines).

Warning (2018): Function state mutability can be restricted to pure
  --> lib/prb-math/test/utils/Utils.sol:47:5:
   |
47 |     function bound(SD1x18 x, int64 min, int64 max) internal view returns (SD1x18 result) {
   |     ^ (Relevant source part starts here and spans across multiple lines).

Warning (2018): Function state mutability can be restricted to pure
  --> lib/prb-math/test/utils/Utils.sol:61:5:
   |
61 |     function bound(SD59x18 x, SD59x18 min, SD59x18 max) internal view returns (SD59x18 result) {
   |     ^ (Relevant source part starts here and spans across multiple lines).

Warning (2018): Function state mutability can be restricted to pure
  --> lib/prb-math/test/utils/Utils.sol:71:5:
   |
71 |     function bound(SD59x18 x, int256 min, SD59x18 max) internal view returns (SD59x18 result) {
   |     ^ (Relevant source part starts here and spans across multiple lines).

Warning (2018): Function state mutability can be restricted to pure
  --> lib/prb-math/test/utils/Utils.sol:81:5:
   |
81 |     function bound(SD59x18 x, SD59x18 min, int256 max) internal view returns (SD59x18 result) {
   |     ^ (Relevant source part starts here and spans across multiple lines).

Warning (2018): Function state mutability can be restricted to pure
  --> lib/prb-math/test/utils/Utils.sol:91:5:
   |
91 |     function bound(SD59x18 x, int256 min, int256 max) internal view returns (SD59x18 result) {
   |     ^ (Relevant source part starts here and spans across multiple lines).

Warning (2018): Function state mutability can be restricted to pure
   --> lib/prb-math/test/utils/Utils.sol:105:5:
    |
105 |     function bound(UD2x18 x, UD2x18 min, UD2x18 max) internal view returns (UD2x18 result) {
    |     ^ (Relevant source part starts here and spans across multiple lines).

Warning (2018): Function state mutability can be restricted to pure
   --> lib/prb-math/test/utils/Utils.sol:115:5:
    |
115 |     function bound(UD2x18 x, uint64 min, UD2x18 max) internal view returns (UD2x18 result) {
    |     ^ (Relevant source part starts here and spans across multiple lines).

Warning (2018): Function state mutability can be restricted to pure
   --> lib/prb-math/test/utils/Utils.sol:125:5:
    |
125 |     function bound(UD2x18 x, UD2x18 min, uint64 max) internal view returns (UD2x18 result) {
    |     ^ (Relevant source part starts here and spans across multiple lines).

Warning (2018): Function state mutability can be restricted to pure
   --> lib/prb-math/test/utils/Utils.sol:135:5:
    |
135 |     function bound(UD2x18 x, uint64 min, uint64 max) internal view returns (UD2x18 result) {
    |     ^ (Relevant source part starts here and spans across multiple lines).

Warning (2018): Function state mutability can be restricted to pure
   --> lib/prb-math/test/utils/Utils.sol:149:5:
    |
149 |     function bound(UD60x18 x, UD60x18 min, UD60x18 max) internal view returns (UD60x18 result) {
    |     ^ (Relevant source part starts here and spans across multiple lines).

Warning (2018): Function state mutability can be restricted to pure
   --> lib/prb-math/test/utils/Utils.sol:159:5:
    |
159 |     function bound(UD60x18 x, uint256 min, UD60x18 max) internal view returns (UD60x18 result) {
    |     ^ (Relevant source part starts here and spans across multiple lines).

Warning (2018): Function state mutability can be restricted to pure
   --> lib/prb-math/test/utils/Utils.sol:169:5:
    |
169 |     function bound(UD60x18 x, UD60x18 min, uint256 max) internal view returns (UD60x18 result) {
    |     ^ (Relevant source part starts here and spans across multiple lines).

Warning (2018): Function state mutability can be restricted to pure
   --> lib/prb-math/test/utils/Utils.sol:179:5:
    |
179 |     function bound(UD60x18 x, uint256 min, uint256 max) internal view returns (UD60x18 result) {
    |     ^ (Relevant source part starts here and spans across multiple lines).

| Contract                                        | Size (B) | Margin (B) |
|-------------------------------------------------|----------|------------|
| Address                                         |       86 |     24,490 |
| AddressArrayUtils                               |       86 |     24,490 |
| Ballot                                          |       86 |     24,490 |
| BaseGeneralConfig                               |   28,814 |     -4,238 |
| BridgeOperatorsBallot                           |      166 |     24,410 |
| BridgeReward                                    |    6,244 |     18,332 |
| BridgeRewardHarness                             |    6,805 |     17,771 |
| BridgeSlash                                     |    5,507 |     19,069 |
| BridgeTracking                                  |    6,869 |     17,707 |
| ECDSA                                           |       86 |     24,490 |
| ERC1155                                         |    4,948 |     19,628 |
| ERC1155Holder                                   |      965 |     23,611 |
| ERC1155PresetMinterPauser                       |   10,492 |     14,084 |
| ERC1967Proxy                                    |      177 |     24,399 |
| ERC20                                           |    2,173 |     22,403 |
| ERC20PresetMinterPauser                         |    6,368 |     18,208 |
| ERC721                                          |    4,363 |     20,213 |
| EnumerableSet                                   |       86 |     24,490 |
| ErrorHandler                                    |       86 |     24,490 |
| GeneralConfig                                   |   33,011 |     -8,435 |
| GlobalProposal                                  |       86 |     24,490 |
| HasBridgeDeprecated                             |       63 |     24,513 |
| HasValidatorDeprecated                          |       63 |     24,513 |
| IsolatedGovernance                              |       86 |     24,490 |
| JSONParserLib                                   |       86 |     24,490 |
| LibArray                                        |       86 |     24,490 |
| LibArtifact                                     |       86 |     24,490 |
| LibCompanionNetwork                             |       86 |     24,490 |
| LibDeploy                                       |       86 |     24,490 |
| LibErrorHandler                                 |       86 |     24,490 |
| LibProposal                                     |       86 |     24,490 |
| LibProxy                                        |       86 |     24,490 |
| LibRandom                                       |       86 |     24,490 |
| LibRequestBatch                                 |       86 |     24,490 |
| LibSharedAddress                                |       86 |     24,490 |
| LibStorage                                      |       86 |     24,490 |
| LibString                                       |       86 |     24,490 |
| LibTUint256Slot                                 |       86 |     24,490 |
| LibTimeWarper                                   |       86 |     24,490 |
| LibTokenInfo                                    |      166 |     24,410 |
| LibTokenInfoBatch                               |       86 |     24,490 |
| LibTokenOwner                                   |      166 |     24,410 |
| MainchainBridgeManager                          |   20,894 |      3,682 |
| MainchainGatewayBatcher                         |    4,158 |     20,418 |
| MainchainGatewayV3                              |   22,532 |      2,044 |
| Math                                            |       86 |     24,490 |
| MockBridge                                      |    1,293 |     23,283 |
| MockBridgeManager                               |    2,671 |     21,905 |
| MockBridgeReward                                |    6,956 |     17,620 |
| MockBridgeSlash                                 |    5,884 |     18,692 |
| MockBridgeTracking                              |    1,896 |     22,680 |
| MockDiscardEther                                |      137 |     24,439 |
| MockERC1155                                     |    6,021 |     18,555 |
| MockERC20                                       |    2,442 |     22,134 |
| MockERC721                                      |    4,741 |     19,835 |
| MockGatewayForTracking                          |    1,616 |     22,960 |
| MockRoninBridgeManager                          |   24,734 |       -158 |
| MockRoninGatewayV3Extended                      |   21,825 |      2,751 |
| MockSLP                                         |    2,442 |     22,134 |
| MockTUint256Slot                                |    2,730 |     21,846 |
| MockUSDC                                        |    2,442 |     22,134 |
| MockValidatorContract_OnlyTiming_ForHardhatTest |    1,060 |     23,516 |
| MockValidatorSet_ForFoundryTest                 |      172 |     24,404 |
| MockWrappedToken                                |    2,225 |     22,351 |
| PRBMathUtils                                    |       63 |     24,513 |
| PauseEnforcer                                   |    4,548 |     20,028 |
| Proposal                                        |       86 |     24,490 |
| RoninBridgeManager                              |   24,734 |       -158 |
| RoninBridgeManagerConstructor                   |   15,012 |      9,564 |
| RoninGatewayV3                                  |   21,522 |      3,054 |
| RoninMockERC1155                                |    8,871 |     15,705 |
| StdStyle                                        |       86 |     24,490 |
| StorageSlot                                     |       86 |     24,490 |
| Strings                                         |       86 |     24,490 |
| Transfer                                        |      166 |     24,410 |
| TransparentProxyOZv4_9_5                        |    2,188 |     22,388 |
| TransparentProxyV2                              |    2,391 |     22,185 |
| TransparentUpgradeableProxy                     |    2,068 |     22,508 |
| TransparentUpgradeableProxyV2                   |    2,361 |     22,215 |
| Uint96ArrayUtils                                |       86 |     24,490 |
| WBTC                                            |    6,574 |     18,002 |
| WethUnwrapper                                   |    1,218 |     23,358 |
| console                                         |       86 |     24,490 |
| safeconsole                                     |       86 |     24,490 |
| stdJson                                         |       86 |     24,490 |
| stdMath                                         |       86 |     24,490 |
| stdStorage                                      |       86 |     24,490 |
| stdStorageSafe                                  |       86 |     24,490 |

